<?xml version="1.0" encoding="UTF-8"?>
<TestRun id="e4797cdd-866c-4a5d-ae48-a93ae5733f84" name="armandorv@ARMANDORV-PC 2013-05-11 07:32:51" runUser="armandorv-pc\armandorv" xmlns="http://microsoft.com/schemas/VisualStudio/TeamTest/2010">
  <TestSettings name="Local" id="c8c134b9-4e63-4f20-86f5-020a6ecd1d56">
    <Description>Esta es la configuración de pruebas predeterminada para una ejecución de pruebas local.</Description>
    <Deployment userDeploymentRoot="D:\Work\git-hub\easytravel\EasytravelDesktop\TestResults" useDefaultDeploymentRoot="false" enabled="false" runDeploymentRoot="armandorv_ARMANDORV-PC 2013-05-11 07_32_51">
      <DeploymentItem filename="D:\Work\git-hub\easytravel\EasytravelDesktop\EasytravelWsClient\bin\Debug\EasytravelWsClient.dll" />
    </Deployment>
    <Execution>
      <TestTypeSpecific />
      <AgentRule name="Execution Agents">
      </AgentRule>
    </Execution>
  </TestSettings>
  <Times creation="2013-05-11T07:32:51.8226759+02:00" queuing="2013-05-11T07:32:52.7317279+02:00" start="2013-05-11T07:32:52.8557350+02:00" finish="2013-05-11T07:48:28.6882615+02:00" />
  <ResultSummary outcome="Completed">
    <Counters total="1" executed="1" passed="1" error="0" failed="0" timeout="0" aborted="0" inconclusive="0" passedButRunAborted="0" notRunnable="0" notExecuted="0" disconnected="0" warning="0" completed="0" inProgress="0" pending="0" />
  </ResultSummary>
  <TestDefinitions>
    <UnitTest name="TestGetTravels" storage="d:\work\git-hub\easytravel\easytraveldesktop\easytravelwsclienttests\bin\debug\easytravelwsclienttests.dll" id="5fd63081-93ec-491b-3b9d-aabf20c39f7f">
      <Execution id="732a8bca-7bd3-4783-8956-db269a4f54c5" />
      <TestMethod codeBase="D:/Work/git-hub/easytravel/EasytravelDesktop/EasytravelWsClientTests/bin/Debug/EasytravelWsClientTests.DLL" adapterTypeName="Microsoft.VisualStudio.TestTools.TestTypes.Unit.UnitTestAdapter, Microsoft.VisualStudio.QualityTools.Tips.UnitTest.Adapter, Version=10.0.0.0, Culture=neutral, PublicKeyToken=b03f5f7f11d50a3a" className="EasytravelWsClientTests.TravelsServiceTest, EasytravelWsClientTests, Version=1.0.0.0, Culture=neutral, PublicKeyToken=null" name="TestGetTravels" />
    </UnitTest>
  </TestDefinitions>
  <TestLists>
    <TestList name="Resultados que no están en la lista" id="8c84fa94-04c1-424b-9868-57a2d4851a1d" />
    <TestList name="Todos los resultados cargados" id="19431567-8539-422a-85d7-44ee4e166bda" />
  </TestLists>
  <TestEntries>
    <TestEntry testId="5fd63081-93ec-491b-3b9d-aabf20c39f7f" executionId="732a8bca-7bd3-4783-8956-db269a4f54c5" testListId="8c84fa94-04c1-424b-9868-57a2d4851a1d" />
  </TestEntries>
  <Results>
    <UnitTestResult executionId="732a8bca-7bd3-4783-8956-db269a4f54c5" testId="5fd63081-93ec-491b-3b9d-aabf20c39f7f" testName="TestGetTravels" computerName="ARMANDORV-PC" duration="00:15:33.8901441" startTime="2013-05-11T07:32:52.9697415+02:00" endTime="2013-05-11T07:48:28.1432304+02:00" testType="13cdc9d9-ddb5-4fa4-a97d-d965ccfc6d4b" outcome="Passed" testListId="8c84fa94-04c1-424b-9868-57a2d4851a1d" relativeResultsDirectory="732a8bca-7bd3-4783-8956-db269a4f54c5">
    </UnitTestResult>
  </Results>
</TestRun>