<?xml version="1.0" encoding="UTF-8"?>
<TestRun id="603af7f7-5070-45a2-a567-950916f8b97f" name="armandorv@ARMANDORV-PC 2013-05-11 07:29:14" runUser="armandorv-pc\armandorv" xmlns="http://microsoft.com/schemas/VisualStudio/TeamTest/2010">
  <TestSettings name="Local" id="c8c134b9-4e63-4f20-86f5-020a6ecd1d56">
    <Description>Esta es la configuración de pruebas predeterminada para una ejecución de pruebas local.</Description>
    <Deployment userDeploymentRoot="D:\Work\git-hub\easytravel\EasytravelDesktop\TestResults" useDefaultDeploymentRoot="false" enabled="false" runDeploymentRoot="armandorv_ARMANDORV-PC 2013-05-11 07_29_14">
      <DeploymentItem filename="D:\Work\git-hub\easytravel\EasytravelDesktop\EasytravelWsClient\bin\Debug\EasytravelWsClient.dll" />
    </Deployment>
    <Execution>
      <TestTypeSpecific />
      <AgentRule name="Execution Agents">
      </AgentRule>
    </Execution>
  </TestSettings>
  <Times creation="2013-05-11T07:29:14.3102349+02:00" queuing="2013-05-11T07:29:14.3182354+02:00" start="2013-05-11T07:29:14.3382365+02:00" finish="2013-05-11T07:29:24.1857997+02:00" />
  <ResultSummary outcome="Failed">
    <Counters total="1" executed="1" error="0" failed="1" timeout="0" aborted="0" inconclusive="0" passedButRunAborted="0" notRunnable="0" notExecuted="0" disconnected="0" warning="0" passed="0" completed="0" inProgress="0" pending="0" />
  </ResultSummary>
  <TestDefinitions>
    <UnitTest name="TestGetTravels" storage="d:\work\git-hub\easytravel\easytraveldesktop\easytravelwsclienttests\bin\debug\easytravelwsclienttests.dll" id="5fd63081-93ec-491b-3b9d-aabf20c39f7f">
      <Execution id="c501ab5f-359f-4e84-b280-2e84826bfcea" />
      <TestMethod codeBase="D:/Work/git-hub/easytravel/EasytravelDesktop/EasytravelWsClientTests/bin/Debug/EasytravelWsClientTests.DLL" adapterTypeName="Microsoft.VisualStudio.TestTools.TestTypes.Unit.UnitTestAdapter, Microsoft.VisualStudio.QualityTools.Tips.UnitTest.Adapter, Version=10.0.0.0, Culture=neutral, PublicKeyToken=b03f5f7f11d50a3a" className="EasytravelWsClientTests.TravelsServiceTest, EasytravelWsClientTests, Version=1.0.0.0, Culture=neutral, PublicKeyToken=null" name="TestGetTravels" />
    </UnitTest>
  </TestDefinitions>
  <TestLists>
    <TestList name="Resultados que no están en la lista" id="8c84fa94-04c1-424b-9868-57a2d4851a1d" />
    <TestList name="Todos los resultados cargados" id="19431567-8539-422a-85d7-44ee4e166bda" />
  </TestLists>
  <TestEntries>
    <TestEntry testId="5fd63081-93ec-491b-3b9d-aabf20c39f7f" executionId="c501ab5f-359f-4e84-b280-2e84826bfcea" testListId="8c84fa94-04c1-424b-9868-57a2d4851a1d" />
  </TestEntries>
  <Results>
    <UnitTestResult executionId="c501ab5f-359f-4e84-b280-2e84826bfcea" testId="5fd63081-93ec-491b-3b9d-aabf20c39f7f" testName="TestGetTravels" computerName="ARMANDORV-PC" duration="00:00:09.6057455" startTime="2013-05-11T07:29:14.3392366+02:00" endTime="2013-05-11T07:29:24.1657986+02:00" testType="13cdc9d9-ddb5-4fa4-a97d-d965ccfc6d4b" outcome="Failed" testListId="8c84fa94-04c1-424b-9868-57a2d4851a1d" relativeResultsDirectory="c501ab5f-359f-4e84-b280-2e84826bfcea">
      <Output>
        <ErrorInfo>
          <Message>El método de prueba EasytravelWsClientTests.TravelsServiceTest.TestGetTravels produjo la excepción: 
System.NullReferenceException: Referencia a objeto no establecida como instancia de un objeto.</Message>
          <StackTrace>    en Armandorv.EasytravelWsClient.TravelsService.map[S,R](S[] source, Func`2 mapping) en D:\Work\git-hub\easytravel\EasytravelDesktop\EasytravelWsClient\TravelsService.cs:línea 59
   en Armandorv.EasytravelWsClient.TravelsService.GetTravels(String term) en D:\Work\git-hub\easytravel\EasytravelDesktop\EasytravelWsClient\TravelsService.cs:línea 16
   en EasytravelWsClientTests.TravelsServiceTest.TestGetTravels() en D:\Work\git-hub\easytravel\EasytravelDesktop\EasytravelWsClientTests\TravelsServiceTest.cs:línea 66
</StackTrace>
        </ErrorInfo>
      </Output>
    </UnitTestResult>
  </Results>
</TestRun>